0000		Assign				START			0
<<<<<<< HEAD
0000		FIRST		+LDB			#RETADR				6910083E
			BASE			RETADR
0004			STL			RETADR				174000
0007			LDA			RETADR				24000
=======
<<<<<<< HEAD
0000		FIRSTFormat2
0004Format2
0007Format2
000A		BADR	RESW			700
083E		RETADR	RESW			1
0841Format2
0843Format2
0846Format2
0849		WLOOPFormat2
084CFormat2
084FFormat2
0852Format2
0855			LTORG
			*			=X'000001'			000001
0858Format2
=======
0000		FIRST		
0004
0007
<<<<<<< HEAD
000A		BADR		RESW		700
083E		RETADR		RESW		1
0841		CLEAR		A			B400
=======
>>>>>>> 019eea65fc18efbc02d6090444d48c273d68728a
000A		BADR	RESW			700
083E		RETADR	RESW			1
0841			CLEAR			A				B400
0843			LDX			#0				50000
0846			LDA			#5				10005
0849		WLOOP					TD			=X'000001'				E32009
084C			JEQ							332FFA
084F			LDCH							53AFEC
0852			WD			=X'000001'				DF2000
			LTORG
<<<<<<< HEAD
0855			*			=X'000001'			000001			LDA							1
0858+LDA			=X'000007'				3101090
085C		EADR	RESW			700
			LTORG
1090			*			=X'000007'			000007			LDA							7
=======
0855			*			=X'000001'			000001
0858
<<<<<<< HEAD
085C		EADR		RESW		700
1090		*		=X'000007'		000007
			END		FIRST
=======
>>>>>>> 411dde51b3789b2ab9207b12b95e01043fa73364
085C		EADR	RESW			700
1090			LTORG
			*			=X'000007'			000007
>>>>>>> 019eea65fc18efbc02d6090444d48c273d68728a
			END			FIRST
